<?xml version="1.0" encoding="UTF-8"?>
<!-- Generated by org.testng.reporters.JUnitReportReporter -->
<testsuite skipped="0" hostname="DESKTOP-ML1SH03" name="com.Mercury.testcases.AzurePipelineDemo" tests="4" failures="0" timestamp="2021-09-11T18:39:19 IST" time="160.218" errors="0">
  <testcase name="freshworkslogtest" time="50.383" classname="com.Mercury.testcases.AzurePipelineDemo"/>
  <system-out/>
  <testcase name="freshworkslogtest" time="83.890" classname="com.Mercury.testcases.AzurePipelineDemo"/>
  <system-out/>
  <testcase name="freshworkstitletest" time="13.553" classname="com.Mercury.testcases.AzurePipelineDemo"/>
  <system-out/>
  <testcase name="freshworkstitletest" time="12.392" classname="com.Mercury.testcases.AzurePipelineDemo"/>
  <system-out/>
</testsuite> <!-- com.Mercury.testcases.AzurePipelineDemo -->
