<?xml version="1.0" encoding="UTF-8"?>
<!-- Generated by org.testng.reporters.JUnitReportReporter -->
<testsuite skipped="0" hostname="Amit-PC" name="com.Mercury.testcases.LoginMercuryTest" tests="2" failures="0" timestamp="2020-05-24T20:35:24 IST" time="64.159" errors="0">
  <testcase name="loginApplication" time="34.189" classname="com.Mercury.testcases.LoginMercuryTest"/>
  <system-out/>
  <testcase name="loginApplication1" time="29.970" classname="com.Mercury.testcases.LoginMercuryTest"/>
  <system-out/>
</testsuite> <!-- com.Mercury.testcases.LoginMercuryTest -->
