<?xml version="1.0" encoding="UTF-8"?>
<!-- Generated by org.testng.reporters.JUnitReportReporter -->
<testsuite skipped="0" hostname="Amit-PC" name="com.Mercury.testcases.BeforeAfterAnnotations" tests="3" failures="0" timestamp="2020-05-24T20:27:57 IST" time="0.017" errors="0">
  <testcase name="testCDemo" time="0.002" classname="com.Mercury.testcases.BeforeAfterAnnotations"/>
  <system-out/>
  <testcase name="testADemo" time="0.011" classname="com.Mercury.testcases.BeforeAfterAnnotations"/>
  <system-out/>
  <testcase name="testBDemo" time="0.004" classname="com.Mercury.testcases.BeforeAfterAnnotations"/>
  <system-out/>
</testsuite> <!-- com.Mercury.testcases.BeforeAfterAnnotations -->
